<?xml version="1.0" encoding="UTF-8"?>
<testng-results ignored="0" total="3" passed="3" failed="0" skipped="0">
  <reporter-output>
    <line>
      <![CDATA[log in is done]]>
    </line>
    <line>
      <![CDATA[User Created]]>
    </line>
    <line>
      <![CDATA[LogOut]]>
    </line>
  </reporter-output>
  <suite started-at="2023-01-26T19:09:31 IST" name="Default suite" finished-at="2023-01-26T19:09:31 IST" duration-ms="73">
    <groups>
    </groups>
    <test started-at="2023-01-26T19:09:31 IST" name="Default test" finished-at="2023-01-26T19:09:31 IST" duration-ms="73">
      <class name="testNG02.NewTest">
        <test-method signature="login()[pri:0, instance:testNG02.NewTest@35841320]" started-at="2023-01-26T19:09:31 IST" name="login" finished-at="2023-01-26T19:09:31 IST" duration-ms="11" status="PASS">
          <reporter-output>
            <line>
              <![CDATA[log in is done]]>
            </line>
          </reporter-output>
        </test-method> <!-- login -->
        <test-method signature="createUSer()[pri:0, instance:testNG02.NewTest@35841320]" started-at="2023-01-26T19:09:31 IST" name="createUSer" finished-at="2023-01-26T19:09:31 IST" depends-on-methods="testNG02.NewTest.login" duration-ms="1" status="PASS">
          <reporter-output>
            <line>
              <![CDATA[User Created]]>
            </line>
          </reporter-output>
        </test-method> <!-- createUSer -->
        <test-method signature="logOut()[pri:0, instance:testNG02.NewTest@35841320]" started-at="2023-01-26T19:09:31 IST" name="logOut" finished-at="2023-01-26T19:09:31 IST" depends-on-methods="testNG02.NewTest.createUSer" duration-ms="1" status="PASS">
          <reporter-output>
            <line>
              <![CDATA[LogOut]]>
            </line>
          </reporter-output>
        </test-method> <!-- logOut -->
      </class> <!-- testNG02.NewTest -->
    </test> <!-- Default test -->
  </suite> <!-- Default suite -->
</testng-results>
